<?xml version="1.0" encoding="UTF-8"?>
<!-- Generated by org.testng.reporters.JUnitReportReporter -->
<testsuite hostname="DESKTOP-8PMU724" failures="0" tests="2" name="com.example.NewTest2" time="57.120" errors="0" timestamp="2023-09-04T15:27:32 IST" skipped="0">
  <testcase classname="com.example.NewTest2" name="searchOnAmazon" time="6.812">
    <system-out>
      <![CDATA[Opened URL: https://www.amazon.in/
Searched for: samsung]]>
    </system-out>
  </testcase> <!-- searchOnAmazon -->
  <testcase classname="com.example.NewTest2" name="searchOnAmazon" time="50.308">
    <system-out>
      <![CDATA[Opened URL: https://www.amazon.in/
Searched for: apple]]>
    </system-out>
  </testcase> <!-- searchOnAmazon -->
  <system-out>
    <![CDATA[Opened URL: https://www.amazon.in/
Searched for: samsung
Opened URL: https://www.amazon.in/
Searched for: apple]]>
  </system-out>
</testsuite> <!-- com.example.NewTest2 -->
